This file contains any messages produced by compilers while
running configure, to aid debugging if configure makes a mistake.

It was created by ircd-hybrid configure 7.2.3+plexus-3.0.0, which was
generated by GNU Autoconf 2.61.  Invocation command line was

  $ ./configure --prefix=/home/ircd/modded-ircd --enable-rizon

## --------- ##
## Platform. ##
## --------- ##

hostname = pe1800-3.trivergance.com
uname -m = x86_64
uname -r = 2.6.18-53.el5
uname -s = Linux
uname -v = #1 SMP Mon Nov 12 02:14:55 EST 2007

/usr/bin/uname -p = unknown
/bin/uname -X     = unknown

/bin/arch              = x86_64
/usr/bin/arch -k       = unknown
/usr/convex/getsysinfo = unknown
/usr/bin/hostinfo      = unknown
/bin/machine           = unknown
/usr/bin/oslevel       = unknown
/bin/universe          = unknown

PATH: /usr/kerberos/bin
PATH: /usr/local/bin
PATH: /bin
PATH: /usr/bin
PATH: /home/ircd/bin


## ----------- ##
## Core tests. ##
## ----------- ##

configure:1824: checking for gcc
configure:1840: found /usr/bin/gcc
configure:1851: result: gcc
configure:2089: checking for C compiler version
configure:2096: gcc --version >&5
gcc (GCC) 4.1.2 20070626 (Red Hat 4.1.2-14)
Copyright (C) 2006 Free Software Foundation, Inc.
This is free software; see the source for copying conditions.  There is NO
warranty; not even for MERCHANTABILITY or FITNESS FOR A PARTICULAR PURPOSE.

configure:2099: $? = 0
configure:2106: gcc -v >&5
Using built-in specs.
Target: x86_64-redhat-linux
Configured with: ../configure --prefix=/usr --mandir=/usr/share/man --infodir=/usr/share/info --enable-shared --enable-threads=posix --enable-checking=release --with-system-zlib --enable-__cxa_atexit --disable-libunwind-exceptions --enable-libgcj-multifile --enable-languages=c,c++,objc,obj-c++,java,fortran,ada --enable-java-awt=gtk --disable-dssi --enable-plugin --with-java-home=/usr/lib/jvm/java-1.4.2-gcj-1.4.2.0/jre --with-cpu=generic --host=x86_64-redhat-linux
Thread model: posix
gcc version 4.1.2 20070626 (Red Hat 4.1.2-14)
configure:2109: $? = 0
configure:2116: gcc -V >&5
gcc: '-V' option must have argument
configure:2119: $? = 1
configure:2142: checking for C compiler default output file name
configure:2169: gcc    conftest.c  >&5
configure:2172: $? = 0
configure:2210: result: a.out
configure:2227: checking whether the C compiler works
configure:2237: ./a.out
configure:2240: $? = 0
configure:2257: result: yes
configure:2264: checking whether we are cross compiling
configure:2266: result: no
configure:2269: checking for suffix of executables
configure:2276: gcc -o conftest    conftest.c  >&5
configure:2279: $? = 0
configure:2303: result: 
configure:2309: checking for suffix of object files
configure:2335: gcc -c   conftest.c >&5
configure:2338: $? = 0
configure:2361: result: o
configure:2365: checking whether we are using the GNU C compiler
configure:2394: gcc -c   conftest.c >&5
configure:2400: $? = 0
configure:2417: result: yes
configure:2422: checking whether gcc accepts -g
configure:2452: gcc -c -g  conftest.c >&5
configure:2458: $? = 0
configure:2557: result: yes
configure:2574: checking for gcc option to accept ISO C89
configure:2648: gcc  -c -g -O2  conftest.c >&5
configure:2654: $? = 0
configure:2677: result: none needed
configure:2764: checking uname -s for Cygwin, Solaris or HPUX
configure:2794: result: no
configure:2800: checking if gcc is Apple GCC
configure:2809: result: no
configure:2823: checking if gcc supports -Wno-pointer-sign
configure:2828: result: yes
configure:2837: checking if gcc supports the SVR4 SGS interfaces
configure:2843: result: no
configure:2849: checking for mkdep
configure:2882: result: no
configure:2889: checking for makedepend
configure:2907: found /usr/bin/makedepend
configure:2919: result: /usr/bin/makedepend
configure:2928: checking how to generate dependency info
configure:2934: result: gcc -MM
configure:2964: checking for /dev/null
configure:2972: result: yes
configure:2989: checking for library containing strerror
configure:3030: gcc -o conftest    conftest.c  >&5
configure:3036: $? = 0
configure:3064: result: none required
configure:3072: checking for inline
configure:3098: gcc -c   conftest.c >&5
configure:3104: $? = 0
configure:3122: result: inline
configure:3146: checking how to run the C preprocessor
configure:3186: gcc -E  conftest.c
configure:3192: $? = 0
configure:3223: gcc -E  conftest.c
conftest.c:10:28: error: ac_nonexistent.h: No such file or directory
configure:3229: $? = 1
configure: failed program was:
| /* confdefs.h.  */
| #define PACKAGE_NAME "ircd-hybrid"
| #define PACKAGE_TARNAME "ircd-hybrid"
| #define PACKAGE_VERSION "7.2.3+plexus-3.0.0"
| #define PACKAGE_STRING "ircd-hybrid 7.2.3+plexus-3.0.0"
| #define PACKAGE_BUGREPORT ""
| #define _GNU_SOURCE 1
| #define PATH_DEVNULL "/dev/null"
| /* end confdefs.h.  */
| #include <ac_nonexistent.h>
configure:3262: result: gcc -E
configure:3291: gcc -E  conftest.c
configure:3297: $? = 0
configure:3328: gcc -E  conftest.c
conftest.c:10:28: error: ac_nonexistent.h: No such file or directory
configure:3334: $? = 1
configure: failed program was:
| /* confdefs.h.  */
| #define PACKAGE_NAME "ircd-hybrid"
| #define PACKAGE_TARNAME "ircd-hybrid"
| #define PACKAGE_VERSION "7.2.3+plexus-3.0.0"
| #define PACKAGE_STRING "ircd-hybrid 7.2.3+plexus-3.0.0"
| #define PACKAGE_BUGREPORT ""
| #define _GNU_SOURCE 1
| #define PATH_DEVNULL "/dev/null"
| /* end confdefs.h.  */
| #include <ac_nonexistent.h>
configure:3372: checking for grep that handles long lines and -e
configure:3446: result: /bin/grep
configure:3451: checking for egrep
configure:3529: result: /bin/grep -E
configure:3535: checking whether gcc needs -traditional
configure:3577: result: no
configure:3584: checking whether make sets $(MAKE)
configure:3605: result: yes
configure:3658: checking for a BSD-compatible install
configure:3714: result: /usr/bin/install -c
configure:3727: checking for rm
configure:3745: found /bin/rm
configure:3757: result: /bin/rm
configure:3767: checking for cp
configure:3785: found /bin/cp
configure:3797: result: /bin/cp
configure:3807: checking for mv
configure:3825: found /bin/mv
configure:3837: result: /bin/mv
configure:3847: checking for ln
configure:3865: found /bin/ln
configure:3877: result: /bin/ln
configure:3887: checking for sed
configure:3905: found /bin/sed
configure:3917: result: /bin/sed
configure:3927: checking for ar
configure:3945: found /usr/bin/ar
configure:3957: result: /usr/bin/ar
configure:3967: checking for ld
configure:3985: found /usr/bin/ld
configure:3997: result: /usr/bin/ld
configure:4007: checking for test
configure:4025: found /usr/bin/test
configure:4038: result: /usr/bin/test
configure:4053: checking for ANSI C header files
configure:4083: gcc -c   conftest.c >&5
configure:4089: $? = 0
configure:4188: gcc -o conftest    conftest.c  >&5
configure:4191: $? = 0
configure:4197: ./conftest
configure:4200: $? = 0
configure:4217: result: yes
configure:4242: checking for sys/types.h
configure:4263: gcc -c   conftest.c >&5
configure:4269: $? = 0
configure:4285: result: yes
configure:4242: checking for sys/stat.h
configure:4263: gcc -c   conftest.c >&5
configure:4269: $? = 0
configure:4285: result: yes
configure:4242: checking for stdlib.h
configure:4263: gcc -c   conftest.c >&5
configure:4269: $? = 0
configure:4285: result: yes
configure:4242: checking for string.h
configure:4263: gcc -c   conftest.c >&5
configure:4269: $? = 0
configure:4285: result: yes
configure:4242: checking for memory.h
configure:4263: gcc -c   conftest.c >&5
configure:4269: $? = 0
configure:4285: result: yes
configure:4242: checking for strings.h
configure:4263: gcc -c   conftest.c >&5
configure:4269: $? = 0
configure:4285: result: yes
configure:4242: checking for inttypes.h
configure:4263: gcc -c   conftest.c >&5
configure:4269: $? = 0
configure:4285: result: yes
configure:4242: checking for stdint.h
configure:4263: gcc -c   conftest.c >&5
configure:4269: $? = 0
configure:4285: result: yes
configure:4242: checking for unistd.h
configure:4263: gcc -c   conftest.c >&5
configure:4269: $? = 0
configure:4285: result: yes
configure:4323: checking crypt.h usability
configure:4340: gcc -c   conftest.c >&5
configure:4346: $? = 0
configure:4360: result: yes
configure:4364: checking crypt.h presence
configure:4379: gcc -E  conftest.c
configure:4385: $? = 0
configure:4399: result: yes
configure:4427: checking for crypt.h
configure:4435: result: yes
configure:4313: checking for inttypes.h
configure:4319: result: yes
configure:4313: checking for stdint.h
configure:4319: result: yes
configure:4323: checking sys/resource.h usability
configure:4340: gcc -c   conftest.c >&5
configure:4346: $? = 0
configure:4360: result: yes
configure:4364: checking sys/resource.h presence
configure:4379: gcc -E  conftest.c
configure:4385: $? = 0
configure:4399: result: yes
configure:4427: checking for sys/resource.h
configure:4435: result: yes
configure:4323: checking sys/param.h usability
configure:4340: gcc -c   conftest.c >&5
configure:4346: $? = 0
configure:4360: result: yes
configure:4364: checking sys/param.h presence
configure:4379: gcc -E  conftest.c
configure:4385: $? = 0
configure:4399: result: yes
configure:4427: checking for sys/param.h
configure:4435: result: yes
configure:4323: checking errno.h usability
configure:4340: gcc -c   conftest.c >&5
configure:4346: $? = 0
configure:4360: result: yes
configure:4364: checking errno.h presence
configure:4379: gcc -E  conftest.c
configure:4385: $? = 0
configure:4399: result: yes
configure:4427: checking for errno.h
configure:4435: result: yes
configure:4323: checking sys/syslog.h usability
configure:4340: gcc -c   conftest.c >&5
configure:4346: $? = 0
configure:4360: result: yes
configure:4364: checking sys/syslog.h presence
configure:4379: gcc -E  conftest.c
configure:4385: $? = 0
configure:4399: result: yes
configure:4427: checking for sys/syslog.h
configure:4435: result: yes
configure:4323: checking stddef.h usability
configure:4340: gcc -c   conftest.c >&5
configure:4346: $? = 0
configure:4360: result: yes
configure:4364: checking stddef.h presence
configure:4379: gcc -E  conftest.c
configure:4385: $? = 0
configure:4399: result: yes
configure:4427: checking for stddef.h
configure:4435: result: yes
configure:4323: checking libgen.h usability
configure:4340: gcc -c   conftest.c >&5
configure:4346: $? = 0
configure:4360: result: yes
configure:4364: checking libgen.h presence
configure:4379: gcc -E  conftest.c
configure:4385: $? = 0
configure:4399: result: yes
configure:4427: checking for libgen.h
configure:4435: result: yes
configure:4323: checking sys/wait.h usability
configure:4340: gcc -c   conftest.c >&5
configure:4346: $? = 0
configure:4360: result: yes
configure:4364: checking sys/wait.h presence
configure:4379: gcc -E  conftest.c
configure:4385: $? = 0
configure:4399: result: yes
configure:4427: checking for sys/wait.h
configure:4435: result: yes
configure:4323: checking wait.h usability
configure:4340: gcc -c   conftest.c >&5
configure:4346: $? = 0
configure:4360: result: yes
configure:4364: checking wait.h presence
configure:4379: gcc -E  conftest.c
configure:4385: $? = 0
configure:4399: result: yes
configure:4427: checking for wait.h
configure:4435: result: yes
configure:4323: checking link.h usability
configure:4340: gcc -c   conftest.c >&5
configure:4346: $? = 0
configure:4360: result: yes
configure:4364: checking link.h presence
configure:4379: gcc -E  conftest.c
configure:4385: $? = 0
configure:4399: result: yes
configure:4427: checking for link.h
configure:4435: result: yes
configure:4450: checking for library containing socket
configure:4491: gcc -o conftest    conftest.c  >&5
configure:4497: $? = 0
configure:4525: result: none required
configure:4538: checking for library containing inet_aton
configure:4579: gcc -o conftest    conftest.c  >&5
configure:4585: $? = 0
configure:4613: result: none required
configure:4627: checking for library containing inet_pton
configure:4668: gcc -o conftest    conftest.c  >&5
configure:4674: $? = 0
configure:4702: result: none required
configure:4716: checking for library containing inet_ntop
configure:4757: gcc -o conftest    conftest.c  >&5
configure:4763: $? = 0
configure:4791: result: none required
configure:4811: checking for struct sockaddr_storage
configure:4844: gcc -c   conftest.c >&5
configure:4850: $? = 0
configure:4865: result: yes
configure:4981: checking for struct addrinfo
configure:5012: gcc -c   conftest.c >&5
configure:5018: $? = 0
configure:5033: result: yes
configure:5045: checking for socklen_t
configure:5077: gcc -c   conftest.c >&5
configure:5083: $? = 0
configure:5098: result: yes
configure:5113: checking for broken glibc with __ss_family
configure:5137: gcc -c   conftest.c >&5
conftest.c: In function 'main':
conftest.c:39: error: 'struct sockaddr_storage' has no member named '__ss_family'
configure:5143: $? = 1
configure: failed program was:
| /* confdefs.h.  */
| #define PACKAGE_NAME "ircd-hybrid"
| #define PACKAGE_TARNAME "ircd-hybrid"
| #define PACKAGE_VERSION "7.2.3+plexus-3.0.0"
| #define PACKAGE_STRING "ircd-hybrid 7.2.3+plexus-3.0.0"
| #define PACKAGE_BUGREPORT ""
| #define _GNU_SOURCE 1
| #define PATH_DEVNULL "/dev/null"
| #define STDC_HEADERS 1
| #define HAVE_SYS_TYPES_H 1
| #define HAVE_SYS_STAT_H 1
| #define HAVE_STDLIB_H 1
| #define HAVE_STRING_H 1
| #define HAVE_MEMORY_H 1
| #define HAVE_STRINGS_H 1
| #define HAVE_INTTYPES_H 1
| #define HAVE_STDINT_H 1
| #define HAVE_UNISTD_H 1
| #define HAVE_CRYPT_H 1
| #define HAVE_INTTYPES_H 1
| #define HAVE_STDINT_H 1
| #define HAVE_SYS_RESOURCE_H 1
| #define HAVE_SYS_PARAM_H 1
| #define HAVE_ERRNO_H 1
| #define HAVE_SYS_SYSLOG_H 1
| #define HAVE_STDDEF_H 1
| #define HAVE_LIBGEN_H 1
| #define HAVE_SYS_WAIT_H 1
| #define HAVE_WAIT_H 1
| #define HAVE_LINK_H 1
| #define HAVE_STRUCT_SOCKADDR_STORAGE 1
| #define HAVE_STRUCT_ADDRINFO 1
| /* end confdefs.h.  */
| #include <sys/types.h>
| #include <sys/socket.h>
| int
| main ()
| {
| struct sockaddr_storage s; s.__ss_family = AF_INET;
|   ;
|   return 0;
| }
configure:5161: result: no
configure:5169: checking for core IPv6 support
configure:5197: gcc -c   conftest.c >&5
configure:5203: $? = 0
configure:5220: result: yes
configure:5222: checking for struct in6addr_any
configure:5247: gcc -c   conftest.c >&5
configure:5253: $? = 0
configure:5258: result: yes
configure:5291: checking for library containing crypt
configure:5332: gcc -o conftest    conftest.c  >&5
/tmp/ccOuFsjK.o: In function `main':
conftest.c:(.text+0xa): undefined reference to `crypt'
collect2: ld returned 1 exit status
configure:5338: $? = 1
configure: failed program was:
| /* confdefs.h.  */
| #define PACKAGE_NAME "ircd-hybrid"
| #define PACKAGE_TARNAME "ircd-hybrid"
| #define PACKAGE_VERSION "7.2.3+plexus-3.0.0"
| #define PACKAGE_STRING "ircd-hybrid 7.2.3+plexus-3.0.0"
| #define PACKAGE_BUGREPORT ""
| #define _GNU_SOURCE 1
| #define PATH_DEVNULL "/dev/null"
| #define STDC_HEADERS 1
| #define HAVE_SYS_TYPES_H 1
| #define HAVE_SYS_STAT_H 1
| #define HAVE_STDLIB_H 1
| #define HAVE_STRING_H 1
| #define HAVE_MEMORY_H 1
| #define HAVE_STRINGS_H 1
| #define HAVE_INTTYPES_H 1
| #define HAVE_STDINT_H 1
| #define HAVE_UNISTD_H 1
| #define HAVE_CRYPT_H 1
| #define HAVE_INTTYPES_H 1
| #define HAVE_STDINT_H 1
| #define HAVE_SYS_RESOURCE_H 1
| #define HAVE_SYS_PARAM_H 1
| #define HAVE_ERRNO_H 1
| #define HAVE_SYS_SYSLOG_H 1
| #define HAVE_STDDEF_H 1
| #define HAVE_LIBGEN_H 1
| #define HAVE_SYS_WAIT_H 1
| #define HAVE_WAIT_H 1
| #define HAVE_LINK_H 1
| #define HAVE_STRUCT_SOCKADDR_STORAGE 1
| #define HAVE_STRUCT_ADDRINFO 1
| #define IPV6 1
| /* end confdefs.h.  */
| 
| /* Override any GCC internal prototype to avoid an error.
|    Use char because int might match the return type of a GCC
|    builtin and then its argument prototype would still apply.  */
| #ifdef __cplusplus
| extern "C"
| #endif
| char crypt ();
| int
| main ()
| {
| return crypt ();
|   ;
|   return 0;
| }
configure:5332: gcc -o conftest    conftest.c -lcrypt   >&5
configure:5338: $? = 0
configure:5366: result: -lcrypt
configure:5387: checking whether string.h and strings.h may both be included
configure:5403: gcc -c   conftest.c >&5
configure:5409: $? = 0
configure:5425: result: yes
configure:5436: checking whether byte ordering is bigendian
configure:5469: gcc -c   conftest.c >&5
configure:5475: $? = 0
configure:5507: gcc -c   conftest.c >&5
conftest.c: In function 'main':
conftest.c:43: error: 'not' undeclared (first use in this function)
conftest.c:43: error: (Each undeclared identifier is reported only once
conftest.c:43: error: for each function it appears in.)
conftest.c:43: error: expected ';' before 'big'
configure:5513: $? = 1
configure: failed program was:
| /* confdefs.h.  */
| #define PACKAGE_NAME "ircd-hybrid"
| #define PACKAGE_TARNAME "ircd-hybrid"
| #define PACKAGE_VERSION "7.2.3+plexus-3.0.0"
| #define PACKAGE_STRING "ircd-hybrid 7.2.3+plexus-3.0.0"
| #define PACKAGE_BUGREPORT ""
| #define _GNU_SOURCE 1
| #define PATH_DEVNULL "/dev/null"
| #define STDC_HEADERS 1
| #define HAVE_SYS_TYPES_H 1
| #define HAVE_SYS_STAT_H 1
| #define HAVE_STDLIB_H 1
| #define HAVE_STRING_H 1
| #define HAVE_MEMORY_H 1
| #define HAVE_STRINGS_H 1
| #define HAVE_INTTYPES_H 1
| #define HAVE_STDINT_H 1
| #define HAVE_UNISTD_H 1
| #define HAVE_CRYPT_H 1
| #define HAVE_INTTYPES_H 1
| #define HAVE_STDINT_H 1
| #define HAVE_SYS_RESOURCE_H 1
| #define HAVE_SYS_PARAM_H 1
| #define HAVE_ERRNO_H 1
| #define HAVE_SYS_SYSLOG_H 1
| #define HAVE_STDDEF_H 1
| #define HAVE_LIBGEN_H 1
| #define HAVE_SYS_WAIT_H 1
| #define HAVE_WAIT_H 1
| #define HAVE_LINK_H 1
| #define HAVE_STRUCT_SOCKADDR_STORAGE 1
| #define HAVE_STRUCT_ADDRINFO 1
| #define IPV6 1
| #define STRING_WITH_STRINGS 1
| /* end confdefs.h.  */
| #include <sys/types.h>
| #include <sys/param.h>
| 
| int
| main ()
| {
| #if BYTE_ORDER != BIG_ENDIAN
|  not big endian
| #endif
| 
|   ;
|   return 0;
| }
configure:5653: result: no
configure:5683: checking stdarg.h usability
configure:5700: gcc -c   conftest.c >&5
configure:5706: $? = 0
configure:5720: result: yes
configure:5724: checking stdarg.h presence
configure:5739: gcc -E  conftest.c
configure:5745: $? = 0
configure:5759: result: yes
configure:5787: checking for stdarg.h
configure:5794: result: yes
configure:5811: checking for strlcpy
configure:5840: gcc -o conftest  -Wimplicit -Werror   conftest.c -lcrypt  >&5
cc1: warnings being treated as errors
conftest.c: In function 'main':
conftest.c:42: warning: implicit declaration of function 'strlcpy'
configure:5846: $? = 1
configure: failed program was:
| /* confdefs.h.  */
| #define PACKAGE_NAME "ircd-hybrid"
| #define PACKAGE_TARNAME "ircd-hybrid"
| #define PACKAGE_VERSION "7.2.3+plexus-3.0.0"
| #define PACKAGE_STRING "ircd-hybrid 7.2.3+plexus-3.0.0"
| #define PACKAGE_BUGREPORT ""
| #define _GNU_SOURCE 1
| #define PATH_DEVNULL "/dev/null"
| #define STDC_HEADERS 1
| #define HAVE_SYS_TYPES_H 1
| #define HAVE_SYS_STAT_H 1
| #define HAVE_STDLIB_H 1
| #define HAVE_STRING_H 1
| #define HAVE_MEMORY_H 1
| #define HAVE_STRINGS_H 1
| #define HAVE_INTTYPES_H 1
| #define HAVE_STDINT_H 1
| #define HAVE_UNISTD_H 1
| #define HAVE_CRYPT_H 1
| #define HAVE_INTTYPES_H 1
| #define HAVE_STDINT_H 1
| #define HAVE_SYS_RESOURCE_H 1
| #define HAVE_SYS_PARAM_H 1
| #define HAVE_ERRNO_H 1
| #define HAVE_SYS_SYSLOG_H 1
| #define HAVE_STDDEF_H 1
| #define HAVE_LIBGEN_H 1
| #define HAVE_SYS_WAIT_H 1
| #define HAVE_WAIT_H 1
| #define HAVE_LINK_H 1
| #define HAVE_STRUCT_SOCKADDR_STORAGE 1
| #define HAVE_STRUCT_ADDRINFO 1
| #define IPV6 1
| #define STRING_WITH_STRINGS 1
| /* end confdefs.h.  */
| #include <string.h>
| 		#include <stdlib.h>
| int
| main ()
| {
| char *a = malloc(6), *b = strdup("hello");
| 		strlcpy(a, b, 6);
| 
|   ;
|   return 0;
| }
configure:5863: result: no
configure:5871: checking for strlcat
configure:5897: gcc -o conftest  -Wimplicit -Werror   conftest.c -lcrypt  >&5
cc1: warnings being treated as errors
conftest.c: In function 'main':
conftest.c:42: warning: implicit declaration of function 'strlcat'
configure:5903: $? = 1
configure: failed program was:
| /* confdefs.h.  */
| #define PACKAGE_NAME "ircd-hybrid"
| #define PACKAGE_TARNAME "ircd-hybrid"
| #define PACKAGE_VERSION "7.2.3+plexus-3.0.0"
| #define PACKAGE_STRING "ircd-hybrid 7.2.3+plexus-3.0.0"
| #define PACKAGE_BUGREPORT ""
| #define _GNU_SOURCE 1
| #define PATH_DEVNULL "/dev/null"
| #define STDC_HEADERS 1
| #define HAVE_SYS_TYPES_H 1
| #define HAVE_SYS_STAT_H 1
| #define HAVE_STDLIB_H 1
| #define HAVE_STRING_H 1
| #define HAVE_MEMORY_H 1
| #define HAVE_STRINGS_H 1
| #define HAVE_INTTYPES_H 1
| #define HAVE_STDINT_H 1
| #define HAVE_UNISTD_H 1
| #define HAVE_CRYPT_H 1
| #define HAVE_INTTYPES_H 1
| #define HAVE_STDINT_H 1
| #define HAVE_SYS_RESOURCE_H 1
| #define HAVE_SYS_PARAM_H 1
| #define HAVE_ERRNO_H 1
| #define HAVE_SYS_SYSLOG_H 1
| #define HAVE_STDDEF_H 1
| #define HAVE_LIBGEN_H 1
| #define HAVE_SYS_WAIT_H 1
| #define HAVE_WAIT_H 1
| #define HAVE_LINK_H 1
| #define HAVE_STRUCT_SOCKADDR_STORAGE 1
| #define HAVE_STRUCT_ADDRINFO 1
| #define IPV6 1
| #define STRING_WITH_STRINGS 1
| /* end confdefs.h.  */
| #include <string.h>
| 		#include <stdlib.h>
| int
| main ()
| {
| char *a = malloc(6), *b = strdup("hello");
| 		strlcat(a, b, 6);
| 
|   ;
|   return 0;
| }
configure:5920: result: no
configure:6031: checking for int64_t
configure:6061: gcc -c   conftest.c >&5
configure:6067: $? = 0
configure:6082: result: yes
configure:6089: checking size of int64_t
configure:6391: gcc -o conftest    conftest.c -lcrypt  >&5
configure:6394: $? = 0
configure:6400: ./conftest
configure:6403: $? = 0
configure:6426: result: 8
configure:6436: checking for long long
configure:6466: gcc -c   conftest.c >&5
configure:6472: $? = 0
configure:6487: result: yes
configure:6494: checking size of long long
configure:6796: gcc -o conftest    conftest.c -lcrypt  >&5
configure:6799: $? = 0
configure:6805: ./conftest
configure:6808: $? = 0
configure:6831: result: 8
configure:6843: checking for uint64_t
configure:6873: gcc -c   conftest.c >&5
configure:6879: $? = 0
configure:6894: result: yes
configure:6897: checking for int64_t
configure:6948: result: yes
configure:7084: checking for u_int32_t
configure:7114: gcc -c   conftest.c >&5
configure:7120: $? = 0
configure:7135: result: yes
configure:7218: checking for u_int16_t
configure:7248: gcc -c   conftest.c >&5
configure:7254: $? = 0
configure:7269: result: yes
configure:7352: checking for in_port_t
configure:7384: gcc -c   conftest.c >&5
configure:7390: $? = 0
configure:7405: result: yes
configure:7418: checking for sa_family_t
configure:7450: gcc -c   conftest.c >&5
configure:7456: $? = 0
configure:7471: result: yes
configure:7496: checking for socketpair
configure:7552: gcc -o conftest    conftest.c -lcrypt  >&5
configure:7558: $? = 0
configure:7576: result: yes
configure:7496: checking for basename
configure:7552: gcc -o conftest    conftest.c -lcrypt  >&5
configure:7558: $? = 0
configure:7576: result: yes
configure:7496: checking for mmap
configure:7552: gcc -o conftest    conftest.c -lcrypt  >&5
configure:7558: $? = 0
configure:7576: result: yes
configure:7496: checking for snprintf
configure:7552: gcc -o conftest    conftest.c -lcrypt  >&5
conftest.c:64: warning: conflicting types for built-in function 'snprintf'
configure:7558: $? = 0
configure:7576: result: yes
configure:7496: checking for vsnprintf
configure:7552: gcc -o conftest    conftest.c -lcrypt  >&5
conftest.c:65: warning: conflicting types for built-in function 'vsnprintf'
configure:7558: $? = 0
configure:7576: result: yes
configure:7496: checking for lrand48
configure:7552: gcc -o conftest    conftest.c -lcrypt  >&5
configure:7558: $? = 0
configure:7576: result: yes
configure:7496: checking for srand48
configure:7552: gcc -o conftest    conftest.c -lcrypt  >&5
configure:7558: $? = 0
configure:7576: result: yes
configure:7496: checking for strtok_r
configure:7552: gcc -o conftest    conftest.c -lcrypt  >&5
configure:7558: $? = 0
configure:7576: result: yes
configure:7496: checking for usleep
configure:7552: gcc -o conftest    conftest.c -lcrypt  >&5
configure:7558: $? = 0
configure:7576: result: yes
configure:7594: checking for OpenSSL
configure:7639: result: /usr
configure:7658: checking for OpenSSL 0.9.6 or above
configure:7686: gcc -o conftest     conftest.c -lcrypt   >&5
configure:7689: $? = 0
configure:7695: ./conftest
configure:7698: $? = 0
configure:7715: result: found
configure:7723: checking for RSA_free in -lcrypto
configure:7758: gcc -o conftest      conftest.c -lcrypto  -lcrypt   >&5
configure:7764: $? = 0
configure:7782: result: yes
configure:7800: checking for EVP_bf_cfb
configure:7856: gcc -o conftest      conftest.c -lcrypto -lcrypt   -lcrypto >&5
configure:7862: $? = 0
configure:7880: result: yes
configure:7894: checking for EVP_cast5_cfb
configure:7950: gcc -o conftest      conftest.c -lcrypto -lcrypt   -lcrypto >&5
configure:7956: $? = 0
configure:7974: result: yes
configure:7988: checking for EVP_idea_cfb
configure:8044: gcc -o conftest      conftest.c -lcrypto -lcrypt   -lcrypto >&5
/tmp/ccuxwird.o: In function `main':
conftest.c:(.text+0xa): undefined reference to `EVP_idea_cfb'
collect2: ld returned 1 exit status
configure:8050: $? = 1
configure: failed program was:
| /* confdefs.h.  */
| #define PACKAGE_NAME "ircd-hybrid"
| #define PACKAGE_TARNAME "ircd-hybrid"
| #define PACKAGE_VERSION "7.2.3+plexus-3.0.0"
| #define PACKAGE_STRING "ircd-hybrid 7.2.3+plexus-3.0.0"
| #define PACKAGE_BUGREPORT ""
| #define _GNU_SOURCE 1
| #define PATH_DEVNULL "/dev/null"
| #define STDC_HEADERS 1
| #define HAVE_SYS_TYPES_H 1
| #define HAVE_SYS_STAT_H 1
| #define HAVE_STDLIB_H 1
| #define HAVE_STRING_H 1
| #define HAVE_MEMORY_H 1
| #define HAVE_STRINGS_H 1
| #define HAVE_INTTYPES_H 1
| #define HAVE_STDINT_H 1
| #define HAVE_UNISTD_H 1
| #define HAVE_CRYPT_H 1
| #define HAVE_INTTYPES_H 1
| #define HAVE_STDINT_H 1
| #define HAVE_SYS_RESOURCE_H 1
| #define HAVE_SYS_PARAM_H 1
| #define HAVE_ERRNO_H 1
| #define HAVE_SYS_SYSLOG_H 1
| #define HAVE_STDDEF_H 1
| #define HAVE_LIBGEN_H 1
| #define HAVE_SYS_WAIT_H 1
| #define HAVE_WAIT_H 1
| #define HAVE_LINK_H 1
| #define HAVE_STRUCT_SOCKADDR_STORAGE 1
| #define HAVE_STRUCT_ADDRINFO 1
| #define IPV6 1
| #define STRING_WITH_STRINGS 1
| #define SIZEOF_INT64_T 8
| #define SIZEOF_LONG_LONG 8
| #define HAVE_SOCKETPAIR 1
| #define HAVE_BASENAME 1
| #define HAVE_MMAP 1
| #define HAVE_SNPRINTF 1
| #define HAVE_VSNPRINTF 1
| #define HAVE_LRAND48 1
| #define HAVE_SRAND48 1
| #define HAVE_STRTOK_R 1
| #define HAVE_USLEEP 1
| #define HAVE_LIBCRYPTO 1
| #define HAVE_EVP_BF_CFB 1
| #define HAVE_EVP_CAST5_CFB 1
| /* end confdefs.h.  */
| /* Define EVP_idea_cfb to an innocuous variant, in case <limits.h> declares EVP_idea_cfb.
|    For example, HP-UX 11i <limits.h> declares gettimeofday.  */
| #define EVP_idea_cfb innocuous_EVP_idea_cfb
| 
| /* System header to define __stub macros and hopefully few prototypes,
|     which can conflict with char EVP_idea_cfb (); below.
|     Prefer <limits.h> to <assert.h> if __STDC__ is defined, since
|     <limits.h> exists even on freestanding compilers.  */
| 
| #ifdef __STDC__
| # include <limits.h>
| #else
| # include <assert.h>
| #endif
| 
| #undef EVP_idea_cfb
| 
| /* Override any GCC internal prototype to avoid an error.
|    Use char because int might match the return type of a GCC
|    builtin and then its argument prototype would still apply.  */
| #ifdef __cplusplus
| extern "C"
| #endif
| char EVP_idea_cfb ();
| /* The GNU C library defines this for functions which it implements
|     to always fail with ENOSYS.  Some functions are actually named
|     something starting with __ and the normal name is an alias.  */
| #if defined __stub_EVP_idea_cfb || defined __stub___EVP_idea_cfb
| choke me
| #endif
| 
| int
| main ()
| {
| return EVP_idea_cfb ();
|   ;
|   return 0;
| }
configure:8068: result: no
configure:8082: checking for EVP_rc5_32_12_16_cfb
configure:8138: gcc -o conftest      conftest.c -lcrypto -lcrypt   -lcrypto >&5
/tmp/ccZJMvcl.o: In function `main':
conftest.c:(.text+0xa): undefined reference to `EVP_rc5_32_12_16_cfb'
collect2: ld returned 1 exit status
configure:8144: $? = 1
configure: failed program was:
| /* confdefs.h.  */
| #define PACKAGE_NAME "ircd-hybrid"
| #define PACKAGE_TARNAME "ircd-hybrid"
| #define PACKAGE_VERSION "7.2.3+plexus-3.0.0"
| #define PACKAGE_STRING "ircd-hybrid 7.2.3+plexus-3.0.0"
| #define PACKAGE_BUGREPORT ""
| #define _GNU_SOURCE 1
| #define PATH_DEVNULL "/dev/null"
| #define STDC_HEADERS 1
| #define HAVE_SYS_TYPES_H 1
| #define HAVE_SYS_STAT_H 1
| #define HAVE_STDLIB_H 1
| #define HAVE_STRING_H 1
| #define HAVE_MEMORY_H 1
| #define HAVE_STRINGS_H 1
| #define HAVE_INTTYPES_H 1
| #define HAVE_STDINT_H 1
| #define HAVE_UNISTD_H 1
| #define HAVE_CRYPT_H 1
| #define HAVE_INTTYPES_H 1
| #define HAVE_STDINT_H 1
| #define HAVE_SYS_RESOURCE_H 1
| #define HAVE_SYS_PARAM_H 1
| #define HAVE_ERRNO_H 1
| #define HAVE_SYS_SYSLOG_H 1
| #define HAVE_STDDEF_H 1
| #define HAVE_LIBGEN_H 1
| #define HAVE_SYS_WAIT_H 1
| #define HAVE_WAIT_H 1
| #define HAVE_LINK_H 1
| #define HAVE_STRUCT_SOCKADDR_STORAGE 1
| #define HAVE_STRUCT_ADDRINFO 1
| #define IPV6 1
| #define STRING_WITH_STRINGS 1
| #define SIZEOF_INT64_T 8
| #define SIZEOF_LONG_LONG 8
| #define HAVE_SOCKETPAIR 1
| #define HAVE_BASENAME 1
| #define HAVE_MMAP 1
| #define HAVE_SNPRINTF 1
| #define HAVE_VSNPRINTF 1
| #define HAVE_LRAND48 1
| #define HAVE_SRAND48 1
| #define HAVE_STRTOK_R 1
| #define HAVE_USLEEP 1
| #define HAVE_LIBCRYPTO 1
| #define HAVE_EVP_BF_CFB 1
| #define HAVE_EVP_CAST5_CFB 1
| /* end confdefs.h.  */
| /* Define EVP_rc5_32_12_16_cfb to an innocuous variant, in case <limits.h> declares EVP_rc5_32_12_16_cfb.
|    For example, HP-UX 11i <limits.h> declares gettimeofday.  */
| #define EVP_rc5_32_12_16_cfb innocuous_EVP_rc5_32_12_16_cfb
| 
| /* System header to define __stub macros and hopefully few prototypes,
|     which can conflict with char EVP_rc5_32_12_16_cfb (); below.
|     Prefer <limits.h> to <assert.h> if __STDC__ is defined, since
|     <limits.h> exists even on freestanding compilers.  */
| 
| #ifdef __STDC__
| # include <limits.h>
| #else
| # include <assert.h>
| #endif
| 
| #undef EVP_rc5_32_12_16_cfb
| 
| /* Override any GCC internal prototype to avoid an error.
|    Use char because int might match the return type of a GCC
|    builtin and then its argument prototype would still apply.  */
| #ifdef __cplusplus
| extern "C"
| #endif
| char EVP_rc5_32_12_16_cfb ();
| /* The GNU C library defines this for functions which it implements
|     to always fail with ENOSYS.  Some functions are actually named
|     something starting with __ and the normal name is an alias.  */
| #if defined __stub_EVP_rc5_32_12_16_cfb || defined __stub___EVP_rc5_32_12_16_cfb
| choke me
| #endif
| 
| int
| main ()
| {
| return EVP_rc5_32_12_16_cfb ();
|   ;
|   return 0;
| }
configure:8162: result: no
configure:8176: checking for EVP_des_ede3_cfb
configure:8232: gcc -o conftest      conftest.c -lcrypto -lcrypt   -lcrypto >&5
configure:8238: $? = 0
configure:8256: result: yes
configure:8270: checking for EVP_des_cfb
configure:8326: gcc -o conftest      conftest.c -lcrypto -lcrypt   -lcrypto >&5
configure:8332: $? = 0
configure:8350: result: yes
configure:8401: checking zlib.h usability
configure:8418: gcc -c   conftest.c >&5
configure:8424: $? = 0
configure:8438: result: yes
configure:8442: checking zlib.h presence
configure:8457: gcc -E  conftest.c
configure:8463: $? = 0
configure:8477: result: yes
configure:8505: checking for zlib.h
configure:8512: result: yes
configure:8518: checking for zlibVersion in -lz
configure:8553: gcc -o conftest    conftest.c -lz  -lcrypt  >&5
configure:8559: $? = 0
configure:8577: result: yes
configure:8785: checking for kevent
configure:8841: gcc -o conftest    conftest.c -lcrypt  >&5
/tmp/cc2JPGPf.o: In function `main':
conftest.c:(.text+0xa): undefined reference to `kevent'
collect2: ld returned 1 exit status
configure:8847: $? = 1
configure: failed program was:
| /* confdefs.h.  */
| #define PACKAGE_NAME "ircd-hybrid"
| #define PACKAGE_TARNAME "ircd-hybrid"
| #define PACKAGE_VERSION "7.2.3+plexus-3.0.0"
| #define PACKAGE_STRING "ircd-hybrid 7.2.3+plexus-3.0.0"
| #define PACKAGE_BUGREPORT ""
| #define _GNU_SOURCE 1
| #define PATH_DEVNULL "/dev/null"
| #define STDC_HEADERS 1
| #define HAVE_SYS_TYPES_H 1
| #define HAVE_SYS_STAT_H 1
| #define HAVE_STDLIB_H 1
| #define HAVE_STRING_H 1
| #define HAVE_MEMORY_H 1
| #define HAVE_STRINGS_H 1
| #define HAVE_INTTYPES_H 1
| #define HAVE_STDINT_H 1
| #define HAVE_UNISTD_H 1
| #define HAVE_CRYPT_H 1
| #define HAVE_INTTYPES_H 1
| #define HAVE_STDINT_H 1
| #define HAVE_SYS_RESOURCE_H 1
| #define HAVE_SYS_PARAM_H 1
| #define HAVE_ERRNO_H 1
| #define HAVE_SYS_SYSLOG_H 1
| #define HAVE_STDDEF_H 1
| #define HAVE_LIBGEN_H 1
| #define HAVE_SYS_WAIT_H 1
| #define HAVE_WAIT_H 1
| #define HAVE_LINK_H 1
| #define HAVE_STRUCT_SOCKADDR_STORAGE 1
| #define HAVE_STRUCT_ADDRINFO 1
| #define IPV6 1
| #define STRING_WITH_STRINGS 1
| #define SIZEOF_INT64_T 8
| #define SIZEOF_LONG_LONG 8
| #define HAVE_SOCKETPAIR 1
| #define HAVE_BASENAME 1
| #define HAVE_MMAP 1
| #define HAVE_SNPRINTF 1
| #define HAVE_VSNPRINTF 1
| #define HAVE_LRAND48 1
| #define HAVE_SRAND48 1
| #define HAVE_STRTOK_R 1
| #define HAVE_USLEEP 1
| #define HAVE_LIBCRYPTO 1
| #define HAVE_EVP_BF_CFB 1
| #define HAVE_EVP_CAST5_CFB 1
| #define HAVE_EVP_DES_EDE3_CFB 1
| #define HAVE_EVP_DES_CFB 1
| #define HAVE_LIBZ 1
| /* end confdefs.h.  */
| /* Define kevent to an innocuous variant, in case <limits.h> declares kevent.
|    For example, HP-UX 11i <limits.h> declares gettimeofday.  */
| #define kevent innocuous_kevent
| 
| /* System header to define __stub macros and hopefully few prototypes,
|     which can conflict with char kevent (); below.
|     Prefer <limits.h> to <assert.h> if __STDC__ is defined, since
|     <limits.h> exists even on freestanding compilers.  */
| 
| #ifdef __STDC__
| # include <limits.h>
| #else
| # include <assert.h>
| #endif
| 
| #undef kevent
| 
| /* Override any GCC internal prototype to avoid an error.
|    Use char because int might match the return type of a GCC
|    builtin and then its argument prototype would still apply.  */
| #ifdef __cplusplus
| extern "C"
| #endif
| char kevent ();
| /* The GNU C library defines this for functions which it implements
|     to always fail with ENOSYS.  Some functions are actually named
|     something starting with __ and the normal name is an alias.  */
| #if defined __stub_kevent || defined __stub___kevent
| choke me
| #endif
| 
| int
| main ()
| {
| return kevent ();
|   ;
|   return 0;
| }
configure:8864: result: no
configure:8882: checking sys/epoll.h usability
configure:8899: gcc -c   conftest.c >&5
configure:8905: $? = 0
configure:8919: result: yes
configure:8923: checking sys/epoll.h presence
configure:8938: gcc -E  conftest.c
configure:8944: $? = 0
configure:8958: result: yes
configure:8986: checking for sys/epoll.h
configure:8993: result: yes
configure:9005: checking for epoll support in kernel
configure:9054: gcc -o conftest    conftest.c -lcrypt  >&5
configure:9057: $? = 0
configure:9063: ./conftest
configure:9066: $? = 0
configure:9068: result: yes
configure:9494: checking if you want to do a profile build
configure:9514: result: no
configure:9518: checking if you want ElectricFence
configure:9606: result: no
configure:9611: checking if you want the block allocator
configure:9633: result: yes
configure:9811: checking for syslog options
configure:9894: result: none
configure:9999: checking dlfcn.h usability
configure:10016: gcc -c   conftest.c >&5
configure:10022: $? = 0
configure:10036: result: yes
configure:10040: checking dlfcn.h presence
configure:10055: gcc -E  conftest.c
configure:10061: $? = 0
configure:10075: result: yes
configure:10103: checking for dlfcn.h
configure:10111: result: yes
configure:10124: checking for library containing shl_load
configure:10165: gcc -o conftest    conftest.c -lcrypt  >&5
/tmp/ccUF2Swb.o: In function `main':
conftest.c:(.text+0xa): undefined reference to `shl_load'
collect2: ld returned 1 exit status
configure:10171: $? = 1
configure: failed program was:
| /* confdefs.h.  */
| #define PACKAGE_NAME "ircd-hybrid"
| #define PACKAGE_TARNAME "ircd-hybrid"
| #define PACKAGE_VERSION "7.2.3+plexus-3.0.0"
| #define PACKAGE_STRING "ircd-hybrid 7.2.3+plexus-3.0.0"
| #define PACKAGE_BUGREPORT ""
| #define _GNU_SOURCE 1
| #define PATH_DEVNULL "/dev/null"
| #define STDC_HEADERS 1
| #define HAVE_SYS_TYPES_H 1
| #define HAVE_SYS_STAT_H 1
| #define HAVE_STDLIB_H 1
| #define HAVE_STRING_H 1
| #define HAVE_MEMORY_H 1
| #define HAVE_STRINGS_H 1
| #define HAVE_INTTYPES_H 1
| #define HAVE_STDINT_H 1
| #define HAVE_UNISTD_H 1
| #define HAVE_CRYPT_H 1
| #define HAVE_INTTYPES_H 1
| #define HAVE_STDINT_H 1
| #define HAVE_SYS_RESOURCE_H 1
| #define HAVE_SYS_PARAM_H 1
| #define HAVE_ERRNO_H 1
| #define HAVE_SYS_SYSLOG_H 1
| #define HAVE_STDDEF_H 1
| #define HAVE_LIBGEN_H 1
| #define HAVE_SYS_WAIT_H 1
| #define HAVE_WAIT_H 1
| #define HAVE_LINK_H 1
| #define HAVE_STRUCT_SOCKADDR_STORAGE 1
| #define HAVE_STRUCT_ADDRINFO 1
| #define IPV6 1
| #define STRING_WITH_STRINGS 1
| #define SIZEOF_INT64_T 8
| #define SIZEOF_LONG_LONG 8
| #define HAVE_SOCKETPAIR 1
| #define HAVE_BASENAME 1
| #define HAVE_MMAP 1
| #define HAVE_SNPRINTF 1
| #define HAVE_VSNPRINTF 1
| #define HAVE_LRAND48 1
| #define HAVE_SRAND48 1
| #define HAVE_STRTOK_R 1
| #define HAVE_USLEEP 1
| #define HAVE_LIBCRYPTO 1
| #define HAVE_EVP_BF_CFB 1
| #define HAVE_EVP_CAST5_CFB 1
| #define HAVE_EVP_DES_EDE3_CFB 1
| #define HAVE_EVP_DES_CFB 1
| #define HAVE_LIBZ 1
| #define SELECT_TYPE "epoll"
| #define NDEBUG 1
| #define NICKNAMEHISTORYLENGTH 15000
| #define CHANNEL_HEAP_SIZE 1024
| #define BAN_HEAP_SIZE 1024
| #define CLIENT_HEAP_SIZE 1024
| #define LCLIENT_HEAP_SIZE 512
| #define DNODE_HEAP_SIZE 2048
| #define TOPIC_HEAP_SIZE 1024
| #define DBUF_HEAP_SIZE 512
| #define RIZON 1
| #define TS5_ONLY 1
| #define GLINE_VOTING 1
| #define HALFOPS 1
| #define CHANAQ 1
| #define TOPICLEN 390
| #define NICKLEN (30+1)
| #define HAVE_DLFCN_H 1
| /* end confdefs.h.  */
| 
| /* Override any GCC internal prototype to avoid an error.
|    Use char because int might match the return type of a GCC
|    builtin and then its argument prototype would still apply.  */
| #ifdef __cplusplus
| extern "C"
| #endif
| char shl_load ();
| int
| main ()
| {
| return shl_load ();
|   ;
|   return 0;
| }
configure:10165: gcc -o conftest    conftest.c -ldld  -lcrypt  >&5
/usr/bin/ld: cannot find -ldld
collect2: ld returned 1 exit status
configure:10171: $? = 1
configure: failed program was:
| /* confdefs.h.  */
| #define PACKAGE_NAME "ircd-hybrid"
| #define PACKAGE_TARNAME "ircd-hybrid"
| #define PACKAGE_VERSION "7.2.3+plexus-3.0.0"
| #define PACKAGE_STRING "ircd-hybrid 7.2.3+plexus-3.0.0"
| #define PACKAGE_BUGREPORT ""
| #define _GNU_SOURCE 1
| #define PATH_DEVNULL "/dev/null"
| #define STDC_HEADERS 1
| #define HAVE_SYS_TYPES_H 1
| #define HAVE_SYS_STAT_H 1
| #define HAVE_STDLIB_H 1
| #define HAVE_STRING_H 1
| #define HAVE_MEMORY_H 1
| #define HAVE_STRINGS_H 1
| #define HAVE_INTTYPES_H 1
| #define HAVE_STDINT_H 1
| #define HAVE_UNISTD_H 1
| #define HAVE_CRYPT_H 1
| #define HAVE_INTTYPES_H 1
| #define HAVE_STDINT_H 1
| #define HAVE_SYS_RESOURCE_H 1
| #define HAVE_SYS_PARAM_H 1
| #define HAVE_ERRNO_H 1
| #define HAVE_SYS_SYSLOG_H 1
| #define HAVE_STDDEF_H 1
| #define HAVE_LIBGEN_H 1
| #define HAVE_SYS_WAIT_H 1
| #define HAVE_WAIT_H 1
| #define HAVE_LINK_H 1
| #define HAVE_STRUCT_SOCKADDR_STORAGE 1
| #define HAVE_STRUCT_ADDRINFO 1
| #define IPV6 1
| #define STRING_WITH_STRINGS 1
| #define SIZEOF_INT64_T 8
| #define SIZEOF_LONG_LONG 8
| #define HAVE_SOCKETPAIR 1
| #define HAVE_BASENAME 1
| #define HAVE_MMAP 1
| #define HAVE_SNPRINTF 1
| #define HAVE_VSNPRINTF 1
| #define HAVE_LRAND48 1
| #define HAVE_SRAND48 1
| #define HAVE_STRTOK_R 1
| #define HAVE_USLEEP 1
| #define HAVE_LIBCRYPTO 1
| #define HAVE_EVP_BF_CFB 1
| #define HAVE_EVP_CAST5_CFB 1
| #define HAVE_EVP_DES_EDE3_CFB 1
| #define HAVE_EVP_DES_CFB 1
| #define HAVE_LIBZ 1
| #define SELECT_TYPE "epoll"
| #define NDEBUG 1
| #define NICKNAMEHISTORYLENGTH 15000
| #define CHANNEL_HEAP_SIZE 1024
| #define BAN_HEAP_SIZE 1024
| #define CLIENT_HEAP_SIZE 1024
| #define LCLIENT_HEAP_SIZE 512
| #define DNODE_HEAP_SIZE 2048
| #define TOPIC_HEAP_SIZE 1024
| #define DBUF_HEAP_SIZE 512
| #define RIZON 1
| #define TS5_ONLY 1
| #define GLINE_VOTING 1
| #define HALFOPS 1
| #define CHANAQ 1
| #define TOPICLEN 390
| #define NICKLEN (30+1)
| #define HAVE_DLFCN_H 1
| /* end confdefs.h.  */
| 
| /* Override any GCC internal prototype to avoid an error.
|    Use char because int might match the return type of a GCC
|    builtin and then its argument prototype would still apply.  */
| #ifdef __cplusplus
| extern "C"
| #endif
| char shl_load ();
| int
| main ()
| {
| return shl_load ();
|   ;
|   return 0;
| }
configure:10199: result: no
configure:10216: checking for library containing dlopen
configure:10257: gcc -o conftest    conftest.c -lcrypt  >&5
/tmp/ccyaqOpp.o: In function `main':
conftest.c:(.text+0xa): undefined reference to `dlopen'
collect2: ld returned 1 exit status
configure:10263: $? = 1
configure: failed program was:
| /* confdefs.h.  */
| #define PACKAGE_NAME "ircd-hybrid"
| #define PACKAGE_TARNAME "ircd-hybrid"
| #define PACKAGE_VERSION "7.2.3+plexus-3.0.0"
| #define PACKAGE_STRING "ircd-hybrid 7.2.3+plexus-3.0.0"
| #define PACKAGE_BUGREPORT ""
| #define _GNU_SOURCE 1
| #define PATH_DEVNULL "/dev/null"
| #define STDC_HEADERS 1
| #define HAVE_SYS_TYPES_H 1
| #define HAVE_SYS_STAT_H 1
| #define HAVE_STDLIB_H 1
| #define HAVE_STRING_H 1
| #define HAVE_MEMORY_H 1
| #define HAVE_STRINGS_H 1
| #define HAVE_INTTYPES_H 1
| #define HAVE_STDINT_H 1
| #define HAVE_UNISTD_H 1
| #define HAVE_CRYPT_H 1
| #define HAVE_INTTYPES_H 1
| #define HAVE_STDINT_H 1
| #define HAVE_SYS_RESOURCE_H 1
| #define HAVE_SYS_PARAM_H 1
| #define HAVE_ERRNO_H 1
| #define HAVE_SYS_SYSLOG_H 1
| #define HAVE_STDDEF_H 1
| #define HAVE_LIBGEN_H 1
| #define HAVE_SYS_WAIT_H 1
| #define HAVE_WAIT_H 1
| #define HAVE_LINK_H 1
| #define HAVE_STRUCT_SOCKADDR_STORAGE 1
| #define HAVE_STRUCT_ADDRINFO 1
| #define IPV6 1
| #define STRING_WITH_STRINGS 1
| #define SIZEOF_INT64_T 8
| #define SIZEOF_LONG_LONG 8
| #define HAVE_SOCKETPAIR 1
| #define HAVE_BASENAME 1
| #define HAVE_MMAP 1
| #define HAVE_SNPRINTF 1
| #define HAVE_VSNPRINTF 1
| #define HAVE_LRAND48 1
| #define HAVE_SRAND48 1
| #define HAVE_STRTOK_R 1
| #define HAVE_USLEEP 1
| #define HAVE_LIBCRYPTO 1
| #define HAVE_EVP_BF_CFB 1
| #define HAVE_EVP_CAST5_CFB 1
| #define HAVE_EVP_DES_EDE3_CFB 1
| #define HAVE_EVP_DES_CFB 1
| #define HAVE_LIBZ 1
| #define SELECT_TYPE "epoll"
| #define NDEBUG 1
| #define NICKNAMEHISTORYLENGTH 15000
| #define CHANNEL_HEAP_SIZE 1024
| #define BAN_HEAP_SIZE 1024
| #define CLIENT_HEAP_SIZE 1024
| #define LCLIENT_HEAP_SIZE 512
| #define DNODE_HEAP_SIZE 2048
| #define TOPIC_HEAP_SIZE 1024
| #define DBUF_HEAP_SIZE 512
| #define RIZON 1
| #define TS5_ONLY 1
| #define GLINE_VOTING 1
| #define HALFOPS 1
| #define CHANAQ 1
| #define TOPICLEN 390
| #define NICKLEN (30+1)
| #define HAVE_DLFCN_H 1
| /* end confdefs.h.  */
| 
| /* Override any GCC internal prototype to avoid an error.
|    Use char because int might match the return type of a GCC
|    builtin and then its argument prototype would still apply.  */
| #ifdef __cplusplus
| extern "C"
| #endif
| char dlopen ();
| int
| main ()
| {
| return dlopen ();
|   ;
|   return 0;
| }
configure:10257: gcc -o conftest    conftest.c -ldl  -lcrypt  >&5
configure:10263: $? = 0
configure:10291: result: -ldl
configure:10447: checking for dlsym
configure:10503: gcc -o conftest    conftest.c -ldl -lcrypt  >&5
configure:10509: $? = 0
configure:10526: result: yes
configure:10543: checking for dlfunc
configure:10599: gcc -o conftest    conftest.c -ldl -lcrypt  >&5
/tmp/ccEMfS3B.o: In function `main':
conftest.c:(.text+0xa): undefined reference to `dlfunc'
collect2: ld returned 1 exit status
configure:10605: $? = 1
configure: failed program was:
| /* confdefs.h.  */
| #define PACKAGE_NAME "ircd-hybrid"
| #define PACKAGE_TARNAME "ircd-hybrid"
| #define PACKAGE_VERSION "7.2.3+plexus-3.0.0"
| #define PACKAGE_STRING "ircd-hybrid 7.2.3+plexus-3.0.0"
| #define PACKAGE_BUGREPORT ""
| #define _GNU_SOURCE 1
| #define PATH_DEVNULL "/dev/null"
| #define STDC_HEADERS 1
| #define HAVE_SYS_TYPES_H 1
| #define HAVE_SYS_STAT_H 1
| #define HAVE_STDLIB_H 1
| #define HAVE_STRING_H 1
| #define HAVE_MEMORY_H 1
| #define HAVE_STRINGS_H 1
| #define HAVE_INTTYPES_H 1
| #define HAVE_STDINT_H 1
| #define HAVE_UNISTD_H 1
| #define HAVE_CRYPT_H 1
| #define HAVE_INTTYPES_H 1
| #define HAVE_STDINT_H 1
| #define HAVE_SYS_RESOURCE_H 1
| #define HAVE_SYS_PARAM_H 1
| #define HAVE_ERRNO_H 1
| #define HAVE_SYS_SYSLOG_H 1
| #define HAVE_STDDEF_H 1
| #define HAVE_LIBGEN_H 1
| #define HAVE_SYS_WAIT_H 1
| #define HAVE_WAIT_H 1
| #define HAVE_LINK_H 1
| #define HAVE_STRUCT_SOCKADDR_STORAGE 1
| #define HAVE_STRUCT_ADDRINFO 1
| #define IPV6 1
| #define STRING_WITH_STRINGS 1
| #define SIZEOF_INT64_T 8
| #define SIZEOF_LONG_LONG 8
| #define HAVE_SOCKETPAIR 1
| #define HAVE_BASENAME 1
| #define HAVE_MMAP 1
| #define HAVE_SNPRINTF 1
| #define HAVE_VSNPRINTF 1
| #define HAVE_LRAND48 1
| #define HAVE_SRAND48 1
| #define HAVE_STRTOK_R 1
| #define HAVE_USLEEP 1
| #define HAVE_LIBCRYPTO 1
| #define HAVE_EVP_BF_CFB 1
| #define HAVE_EVP_CAST5_CFB 1
| #define HAVE_EVP_DES_EDE3_CFB 1
| #define HAVE_EVP_DES_CFB 1
| #define HAVE_LIBZ 1
| #define SELECT_TYPE "epoll"
| #define NDEBUG 1
| #define NICKNAMEHISTORYLENGTH 15000
| #define CHANNEL_HEAP_SIZE 1024
| #define BAN_HEAP_SIZE 1024
| #define CLIENT_HEAP_SIZE 1024
| #define LCLIENT_HEAP_SIZE 512
| #define DNODE_HEAP_SIZE 2048
| #define TOPIC_HEAP_SIZE 1024
| #define DBUF_HEAP_SIZE 512
| #define RIZON 1
| #define TS5_ONLY 1
| #define GLINE_VOTING 1
| #define HALFOPS 1
| #define CHANAQ 1
| #define TOPICLEN 390
| #define NICKLEN (30+1)
| #define HAVE_DLFCN_H 1
| #define HAVE_DLOPEN 1
| /* end confdefs.h.  */
| /* Define dlfunc to an innocuous variant, in case <limits.h> declares dlfunc.
|    For example, HP-UX 11i <limits.h> declares gettimeofday.  */
| #define dlfunc innocuous_dlfunc
| 
| /* System header to define __stub macros and hopefully few prototypes,
|     which can conflict with char dlfunc (); below.
|     Prefer <limits.h> to <assert.h> if __STDC__ is defined, since
|     <limits.h> exists even on freestanding compilers.  */
| 
| #ifdef __STDC__
| # include <limits.h>
| #else
| # include <assert.h>
| #endif
| 
| #undef dlfunc
| 
| /* Override any GCC internal prototype to avoid an error.
|    Use char because int might match the return type of a GCC
|    builtin and then its argument prototype would still apply.  */
| #ifdef __cplusplus
| extern "C"
| #endif
| char dlfunc ();
| /* The GNU C library defines this for functions which it implements
|     to always fail with ENOSYS.  Some functions are actually named
|     something starting with __ and the normal name is an alias.  */
| #if defined __stub_dlfunc || defined __stub___dlfunc
| choke me
| #endif
| 
| int
| main ()
| {
| return dlfunc ();
|   ;
|   return 0;
| }
configure:10623: result: no
configure:10543: checking for dlinfo
configure:10599: gcc -o conftest    conftest.c -ldl -lcrypt  >&5
configure:10605: $? = 0
configure:10623: result: yes
configure:10655: checking for the ld -export-dynamic flag
configure:10679: gcc -o conftest    -Wl,-export-dynamic conftest.c -ldl -lcrypt  >&5
configure:10685: $? = 0
configure:10708: result: yes
configure:10715: checking for compiler option to produce PIC
configure:10754: result: gcc: -fPIC -DPIC -shared
configure:10914: creating ./config.status

## ---------------------- ##
## Running config.status. ##
## ---------------------- ##

This file was extended by ircd-hybrid config.status 7.2.3+plexus-3.0.0, which was
generated by GNU Autoconf 2.61.  Invocation command line was

  CONFIG_FILES    = 
  CONFIG_HEADERS  = 
  CONFIG_LINKS    = 
  CONFIG_COMMANDS = 
  $ ./config.status 

on pe1800-3.trivergance.com

config.status:638: creating Makefile
config.status:638: creating etc/Makefile
config.status:638: creating servlink/Makefile
config.status:638: creating contrib/Makefile
config.status:638: creating contrib/help/Makefile
config.status:638: creating src/Makefile
config.status:638: creating messages/Makefile
config.status:638: creating modules/Makefile
config.status:638: creating tools/Makefile
config.status:638: creating doc/Makefile
config.status:638: creating help/Makefile
config.status:638: creating lib/Makefile
config.status:638: creating lib/pcre/Makefile
config.status:638: creating include/setup.h

## ---------------- ##
## Cache variables. ##
## ---------------- ##

ac_cv_c_bigendian=no
ac_cv_c_compiler_gnu=yes
ac_cv_c_inline=inline
ac_cv_env_CC_set=
ac_cv_env_CC_value=
ac_cv_env_CFLAGS_set=
ac_cv_env_CFLAGS_value=
ac_cv_env_CPPFLAGS_set=
ac_cv_env_CPPFLAGS_value=
ac_cv_env_CPP_set=
ac_cv_env_CPP_value=
ac_cv_env_LDFLAGS_set=
ac_cv_env_LDFLAGS_value=
ac_cv_env_LIBS_set=
ac_cv_env_LIBS_value=
ac_cv_env_build_alias_set=
ac_cv_env_build_alias_value=
ac_cv_env_host_alias_set=
ac_cv_env_host_alias_value=
ac_cv_env_target_alias_set=
ac_cv_env_target_alias_value=
ac_cv_func_EVP_bf_cfb=yes
ac_cv_func_EVP_cast5_cfb=yes
ac_cv_func_EVP_des_cfb=yes
ac_cv_func_EVP_des_ede3_cfb=yes
ac_cv_func_EVP_idea_cfb=no
ac_cv_func_EVP_rc5_32_12_16_cfb=no
ac_cv_func_basename=yes
ac_cv_func_dlfunc=no
ac_cv_func_dlinfo=yes
ac_cv_func_dlsym=yes
ac_cv_func_kevent=no
ac_cv_func_lrand48=yes
ac_cv_func_mmap=yes
ac_cv_func_snprintf=yes
ac_cv_func_socketpair=yes
ac_cv_func_srand48=yes
ac_cv_func_strtok_r=yes
ac_cv_func_usleep=yes
ac_cv_func_vsnprintf=yes
ac_cv_header_crypt_h=yes
ac_cv_header_dlfcn_h=yes
ac_cv_header_errno_h=yes
ac_cv_header_inttypes_h=yes
ac_cv_header_libgen_h=yes
ac_cv_header_link_h=yes
ac_cv_header_memory_h=yes
ac_cv_header_stdarg_h=yes
ac_cv_header_stdc=yes
ac_cv_header_stddef_h=yes
ac_cv_header_stdint_h=yes
ac_cv_header_stdlib_h=yes
ac_cv_header_string_h=yes
ac_cv_header_strings_h=yes
ac_cv_header_sys_epoll_h=yes
ac_cv_header_sys_param_h=yes
ac_cv_header_sys_resource_h=yes
ac_cv_header_sys_stat_h=yes
ac_cv_header_sys_syslog_h=yes
ac_cv_header_sys_types_h=yes
ac_cv_header_sys_wait_h=yes
ac_cv_header_unistd_h=yes
ac_cv_header_wait_h=yes
ac_cv_header_zlib_h=yes
ac_cv_lib_crypto_RSA_free=yes
ac_cv_lib_z_zlibVersion=yes
ac_cv_objext=o
ac_cv_path_AR=/usr/bin/ar
ac_cv_path_CP=/bin/cp
ac_cv_path_EGREP='/bin/grep -E'
ac_cv_path_GREP=/bin/grep
ac_cv_path_LD=/usr/bin/ld
ac_cv_path_LN=/bin/ln
ac_cv_path_MAKEDEPEND=/usr/bin/makedepend
ac_cv_path_MV=/bin/mv
ac_cv_path_RM=/bin/rm
ac_cv_path_SED=/bin/sed
ac_cv_path_TEST=/usr/bin/test
ac_cv_path_install='/usr/bin/install -c'
ac_cv_prog_CPP='gcc -E'
ac_cv_prog_ac_ct_CC=gcc
ac_cv_prog_cc_c89=
ac_cv_prog_cc_g=yes
ac_cv_prog_gcc_traditional=no
ac_cv_prog_make_make_set=yes
ac_cv_search_crypt=-lcrypt
ac_cv_search_dlopen=-ldl
ac_cv_search_inet_aton='none required'
ac_cv_search_inet_ntop='none required'
ac_cv_search_inet_pton='none required'
ac_cv_search_shl_load=no
ac_cv_search_socket='none required'
ac_cv_search_strerror='none required'
ac_cv_sizeof_int64_t=8
ac_cv_sizeof_long_long=8
ac_cv_type_in_port_t=yes
ac_cv_type_int64_t=yes
ac_cv_type_long_long=yes
ac_cv_type_sa_family_t=yes
ac_cv_type_socklen_t=yes
ac_cv_type_struct_addrinfo=yes
ac_cv_type_struct_sockaddr_storage=yes
ac_cv_type_u_int16_t=yes
ac_cv_type_u_int32_t=yes
ac_cv_type_uint64_t=yes
gcc_cv_header_string=yes

## ----------------- ##
## Output variables. ##
## ----------------- ##

AR='/usr/bin/ar'
BALLOC_C='balloc.c'
CC='gcc'
CFLAGS=''
CLOBBER=''
CP='/bin/cp'
CPP='gcc -E'
CPPFLAGS=''
CRYPT_C=''
CRYPT_LIB='-lcrypt'
DEFS='-DHAVE_CONFIG_H'
DYNLINK_C='dynlink.c'
ECHO_C=''
ECHO_N='-n'
ECHO_T=''
EGREP='/bin/grep -E'
ENCSPEED='encspeed'
EXAMPLE_CONF='example.rizon.conf'
EXEEXT=''
GREP='/bin/grep'
INET_MISC=''
INSTALL_DATA='${INSTALL} -m 644'
INSTALL_PROGRAM='${INSTALL}'
INSTALL_SCRIPT='${INSTALL}'
IRC_CFLAGS=' -Wall -O2 -g -Wno-pointer-sign'
LD='/usr/bin/ld'
LDFLAGS=' -Wl,-export-dynamic'
LIBOBJS=''
LIBS='-ldl -lcrypt '
LN='/bin/ln'
LTLIBOBJS=''
MAKEDEPEND='/usr/bin/makedepend'
MKDEP='gcc -MM'
MODULES_LIBS=''
MOD_TARGET='shared_modules'
MV='/bin/mv'
OBJEXT='o'
PACKAGE_BUGREPORT=''
PACKAGE_NAME='ircd-hybrid'
PACKAGE_STRING='ircd-hybrid 7.2.3+plexus-3.0.0'
PACKAGE_TARNAME='ircd-hybrid'
PACKAGE_VERSION='7.2.3+plexus-3.0.0'
PATH_SEPARATOR=':'
PICFLAGS='-fPIC -DPIC -shared'
RM='/bin/rm'
SED='/bin/sed'
SEDOBJ='s/\.o/.so/g'
SELECT_TYPE='epoll'
SET_MAKE=''
SHELL='/bin/sh'
SNPRINTF_C=''
SSL_INCLUDES=''
SSL_LIBS=' -lssl -lcrypto'
SSL_SRCS_ENABLE='$(SSL_SRCS)'
STDOUT='> .depend'
TEST='/usr/bin/test'
ZLIB_LD='-lz'
ac_ct_CC='gcc'
bindir='${exec_prefix}/bin'
build_alias=''
datadir='${datarootdir}'
datarootdir='${prefix}/share'
docdir='${datarootdir}/doc/${PACKAGE_TARNAME}'
dvidir='${docdir}'
exec_prefix='${prefix}'
host_alias=''
htmldir='${docdir}'
includedir='${prefix}/include'
infodir='${datarootdir}/info'
libdir='${exec_prefix}/lib'
libexecdir='${bindir}'
localedir='${datarootdir}/locale'
localstatedir='${prefix}'
mandir='${datarootdir}/man'
oldincludedir='/usr/include'
pdfdir='${docdir}'
prefix='/home/ircd/modded-ircd'
program_transform_name='s,x,x,'
psdir='${docdir}'
sbindir='${exec_prefix}/sbin'
sharedstatedir='${prefix}/com'
sysconfdir='${prefix}/etc'
target_alias=''

## ----------- ##
## confdefs.h. ##
## ----------- ##

#define PACKAGE_NAME "ircd-hybrid"
#define PACKAGE_TARNAME "ircd-hybrid"
#define PACKAGE_VERSION "7.2.3+plexus-3.0.0"
#define PACKAGE_STRING "ircd-hybrid 7.2.3+plexus-3.0.0"
#define PACKAGE_BUGREPORT ""
#define _GNU_SOURCE 1
#define PATH_DEVNULL "/dev/null"
#define STDC_HEADERS 1
#define HAVE_SYS_TYPES_H 1
#define HAVE_SYS_STAT_H 1
#define HAVE_STDLIB_H 1
#define HAVE_STRING_H 1
#define HAVE_MEMORY_H 1
#define HAVE_STRINGS_H 1
#define HAVE_INTTYPES_H 1
#define HAVE_STDINT_H 1
#define HAVE_UNISTD_H 1
#define HAVE_CRYPT_H 1
#define HAVE_INTTYPES_H 1
#define HAVE_STDINT_H 1
#define HAVE_SYS_RESOURCE_H 1
#define HAVE_SYS_PARAM_H 1
#define HAVE_ERRNO_H 1
#define HAVE_SYS_SYSLOG_H 1
#define HAVE_STDDEF_H 1
#define HAVE_LIBGEN_H 1
#define HAVE_SYS_WAIT_H 1
#define HAVE_WAIT_H 1
#define HAVE_LINK_H 1
#define HAVE_STRUCT_SOCKADDR_STORAGE 1
#define HAVE_STRUCT_ADDRINFO 1
#define IPV6 1
#define STRING_WITH_STRINGS 1
#define SIZEOF_INT64_T 8
#define SIZEOF_LONG_LONG 8
#define HAVE_SOCKETPAIR 1
#define HAVE_BASENAME 1
#define HAVE_MMAP 1
#define HAVE_SNPRINTF 1
#define HAVE_VSNPRINTF 1
#define HAVE_LRAND48 1
#define HAVE_SRAND48 1
#define HAVE_STRTOK_R 1
#define HAVE_USLEEP 1
#define HAVE_LIBCRYPTO 1
#define HAVE_EVP_BF_CFB 1
#define HAVE_EVP_CAST5_CFB 1
#define HAVE_EVP_DES_EDE3_CFB 1
#define HAVE_EVP_DES_CFB 1
#define HAVE_LIBZ 1
#define SELECT_TYPE "epoll"
#define NDEBUG 1
#define NICKNAMEHISTORYLENGTH 15000
#define CHANNEL_HEAP_SIZE 1024
#define BAN_HEAP_SIZE 1024
#define CLIENT_HEAP_SIZE 1024
#define LCLIENT_HEAP_SIZE 512
#define DNODE_HEAP_SIZE 2048
#define TOPIC_HEAP_SIZE 1024
#define DBUF_HEAP_SIZE 512
#define RIZON 1
#define TS5_ONLY 1
#define GLINE_VOTING 1
#define HALFOPS 1
#define CHANAQ 1
#define TOPICLEN 390
#define NICKLEN (30+1)
#define HAVE_DLFCN_H 1
#define HAVE_DLOPEN 1
#define HAVE_DLINFO 1
#define SHARED_SUFFIX ".so"
#define IRCD_PREFIX "/home/ircd/modded-ircd"

configure: exit 0
